# JRE version: OpenJDK Runtime Environment Temurin-17.0.13+11 (17.0.13+11) (build 17.0.13+11)
# Java VM: OpenJDK 64-Bit Server VM Temurin-17.0.13+11 (17.0.13+11, mixed mode, tiered, compressed oops, compressed class ptrs, parallel gc, windows-amd64)
GC Precious Log:
 CPUs: 12 total, 12 available
 Memory: 16215M
 Large Page Support: Disabled
 NUMA Support: Disabled
 Compressed Oops: Enabled (32-bit)
 Alignments: Space 512K, Generation 512K, Heap 2M
 Heap Min Capacity: 100M
 Heap Initial Capacity: 100M
 Heap Max Capacity: 1G
 Pre-touch: Disabled
 Parallel Workers: 10
Heap:
 PSYoungGen      total 17920K, used 3017K [0x00000000eab00000, 0x00000000ebe00000, 0x0000000100000000)
  eden space 17408K, 15% used [0x00000000eab00000,0x00000000eadaa648,0x00000000ebc00000)
  from space 512K, 56% used [0x00000000ebd80000,0x00000000ebdc8000,0x00000000ebe00000)
  to   space 512K, 0% used [0x00000000ebd00000,0x00000000ebd00000,0x00000000ebd80000)
 ParOldGen       total 68608K, used 44473K [0x00000000c0000000, 0x00000000c4300000, 0x00000000eab00000)
  object space 68608K, 64% used [0x00000000c0000000,0x00000000c2b6e4b8,0x00000000c4300000)
 Metaspace       used 75173K, committed 76480K, reserved 1179648K
  class space    used 9220K, committed 9792K, reserved 1048576K
GC Heap History (20 events):
Event: 39.051 GC heap before
{Heap before GC invocations=66 (full 3):
 PSYoungGen      total 17920K, used 17664K [0x00000000eab00000, 0x00000000ebe00000, 0x0000000100000000)
  eden space 17408K, 100% used [0x00000000eab00000,0x00000000ebc00000,0x00000000ebc00000)
  from space 512K, 50% used [0x00000000ebd80000,0x00000000ebdc0000,0x00000000ebe00000)
  to   space 512K, 0% used [0x00000000ebd00000,0x00000000ebd00000,0x00000000ebd80000)
 ParOldGen       total 68608K, used 43975K [0x00000000c0000000, 0x00000000c4300000, 0x00000000eab00000)
  object space 68608K, 64% used [0x00000000c0000000,0x00000000c2af1e00,0x00000000c4300000)
 Metaspace       used 74428K, committed 75776K, reserved 1179648K
  class space    used 9136K, committed 9728K, reserved 1048576K
}
Event: 39.051 GC heap after
{Heap after GC invocations=66 (full 3):
 PSYoungGen      total 17920K, used 96K [0x00000000eab00000, 0x00000000ebe00000, 0x0000000100000000)
  eden space 17408K, 0% used [0x00000000eab00000,0x00000000eab00000,0x00000000ebc00000)
  from space 512K, 18% used [0x00000000ebd00000,0x00000000ebd18000,0x00000000ebd80000)
  to   space 512K, 0% used [0x00000000ebd80000,0x00000000ebd80000,0x00000000ebe00000)
 ParOldGen       total 68608K, used 44023K [0x00000000c0000000, 0x00000000c4300000, 0x00000000eab00000)
  object space 68608K, 64% used [0x00000000c0000000,0x00000000c2afde00,0x00000000c4300000)
 Metaspace       used 74428K, committed 75776K, reserved 1179648K
  class space    used 9136K, committed 9728K, reserved 1048576K
}
Event: 39.325 GC heap before
{Heap before GC invocations=67 (full 3):
 PSYoungGen      total 17920K, used 17504K [0x00000000eab00000, 0x00000000ebe00000, 0x0000000100000000)
  eden space 17408K, 100% used [0x00000000eab00000,0x00000000ebc00000,0x00000000ebc00000)
  from space 512K, 18% used [0x00000000ebd00000,0x00000000ebd18000,0x00000000ebd80000)
  to   space 512K, 0% used [0x00000000ebd80000,0x00000000ebd80000,0x00000000ebe00000)
 ParOldGen       total 68608K, used 44023K [0x00000000c0000000, 0x00000000c4300000, 0x00000000eab00000)
  object space 68608K, 64% used [0x00000000c0000000,0x00000000c2afde00,0x00000000c4300000)
 Metaspace       used 74442K, committed 75776K, reserved 1179648K
  class space    used 9136K, committed 9728K, reserved 1048576K
}
Event: 39.326 GC heap after
{Heap after GC invocations=67 (full 3):
 PSYoungGen      total 17920K, used 224K [0x00000000eab00000, 0x00000000ebe00000, 0x0000000100000000)
  eden space 17408K, 0% used [0x00000000eab00000,0x00000000eab00000,0x00000000ebc00000)
  from space 512K, 43% used [0x00000000ebd80000,0x00000000ebdb8000,0x00000000ebe00000)
  to   space 512K, 0% used [0x00000000ebd00000,0x00000000ebd00000,0x00000000ebd80000)
 ParOldGen       total 68608K, used 44023K [0x00000000c0000000, 0x00000000c4300000, 0x00000000eab00000)
  object space 68608K, 64% used [0x00000000c0000000,0x00000000c2afde00,0x00000000c4300000)
 Metaspace       used 74442K, committed 75776K, reserved 1179648K
  class space    used 9136K, committed 9728K, reserved 1048576K
}
Event: 40.168 GC heap before
{Heap before GC invocations=68 (full 3):
 PSYoungGen      total 17920K, used 17632K [0x00000000eab00000, 0x00000000ebe00000, 0x0000000100000000)
  eden space 17408K, 100% used [0x00000000eab00000,0x00000000ebc00000,0x00000000ebc00000)
  from space 512K, 43% used [0x00000000ebd80000,0x00000000ebdb8000,0x00000000ebe00000)
  to   space 512K, 0% used [0x00000000ebd00000,0x00000000ebd00000,0x00000000ebd80000)
 ParOldGen       total 68608K, used 44023K [0x00000000c0000000, 0x00000000c4300000, 0x00000000eab00000)
  object space 68608K, 64% used [0x00000000c0000000,0x00000000c2afde00,0x00000000c4300000)
 Metaspace       used 74534K, committed 75840K, reserved 1179648K
  class space    used 9143K, committed 9728K, reserved 1048576K
}
Event: 40.169 GC heap after
{Heap after GC invocations=68 (full 3):
 PSYoungGen      total 17920K, used 320K [0x00000000eab00000, 0x00000000ebe00000, 0x0000000100000000)
  eden space 17408K, 0% used [0x00000000eab00000,0x00000000eab00000,0x00000000ebc00000)
  from space 512K, 62% used [0x00000000ebd00000,0x00000000ebd50000,0x00000000ebd80000)
  to   space 512K, 0% used [0x00000000ebd80000,0x00000000ebd80000,0x00000000ebe00000)
 ParOldGen       total 68608K, used 44119K [0x00000000c0000000, 0x00000000c4300000, 0x00000000eab00000)
  object space 68608K, 64% used [0x00000000c0000000,0x00000000c2b15e00,0x00000000c4300000)
 Metaspace       used 74534K, committed 75840K, reserved 1179648K
  class space    used 9143K, committed 9728K, reserved 1048576K
}
Event: 40.433 GC heap before
{Heap before GC invocations=69 (full 3):
 PSYoungGen      total 17920K, used 17728K [0x00000000eab00000, 0x00000000ebe00000, 0x0000000100000000)
  eden space 17408K, 100% used [0x00000000eab00000,0x00000000ebc00000,0x00000000ebc00000)
  from space 512K, 62% used [0x00000000ebd00000,0x00000000ebd50000,0x00000000ebd80000)
  to   space 512K, 0% used [0x00000000ebd80000,0x00000000ebd80000,0x00000000ebe00000)
 ParOldGen       total 68608K, used 44119K [0x00000000c0000000, 0x00000000c4300000, 0x00000000eab00000)
  object space 68608K, 64% used [0x00000000c0000000,0x00000000c2b15e00,0x00000000c4300000)
 Metaspace       used 74536K, committed 75840K, reserved 1179648K
  class space    used 9143K, committed 9728K, reserved 1048576K
}
Event: 40.434 GC heap after
{Heap after GC invocations=69 (full 3):
 PSYoungGen      total 17920K, used 160K [0x00000000eab00000, 0x00000000ebe00000, 0x0000000100000000)
  eden space 17408K, 0% used [0x00000000eab00000,0x00000000eab00000,0x00000000ebc00000)
  from space 512K, 31% used [0x00000000ebd80000,0x00000000ebda8000,0x00000000ebe00000)
  to   space 512K, 0% used [0x00000000ebd00000,0x00000000ebd00000,0x00000000ebd80000)
 ParOldGen       total 68608K, used 44297K [0x00000000c0000000, 0x00000000c4300000, 0x00000000eab00000)
  object space 68608K, 64% used [0x00000000c0000000,0x00000000c2b424b8,0x00000000c4300000)
 Metaspace       used 74536K, committed 75840K, reserved 1179648K
  class space    used 9143K, committed 9728K, reserved 1048576K
}
Event: 40.525 GC heap before
{Heap before GC invocations=70 (full 3):
 PSYoungGen      total 17920K, used 17568K [0x00000000eab00000, 0x00000000ebe00000, 0x0000000100000000)
  eden space 17408K, 100% used [0x00000000eab00000,0x00000000ebc00000,0x00000000ebc00000)
  from space 512K, 31% used [0x00000000ebd80000,0x00000000ebda8000,0x00000000ebe00000)
  to   space 512K, 0% used [0x00000000ebd00000,0x00000000ebd00000,0x00000000ebd80000)
 ParOldGen       total 68608K, used 44297K [0x00000000c0000000, 0x00000000c4300000, 0x00000000eab00000)
  object space 68608K, 64% used [0x00000000c0000000,0x00000000c2b424b8,0x00000000c4300000)
 Metaspace       used 74536K, committed 75840K, reserved 1179648K
  class space    used 9143K, committed 9728K, reserved 1048576K
}
Event: 40.526 GC heap after
{Heap after GC invocations=70 (full 3):
 PSYoungGen      total 17920K, used 160K [0x00000000eab00000, 0x00000000ebe00000, 0x0000000100000000)
  eden space 17408K, 0% used [0x00000000eab00000,0x00000000eab00000,0x00000000ebc00000)
  from space 512K, 31% used [0x00000000ebd00000,0x00000000ebd28000,0x00000000ebd80000)
  to   space 512K, 0% used [0x00000000ebd80000,0x00000000ebd80000,0x00000000ebe00000)
 ParOldGen       total 68608K, used 44329K [0x00000000c0000000, 0x00000000c4300000, 0x00000000eab00000)
  object space 68608K, 64% used [0x00000000c0000000,0x00000000c2b4a4b8,0x00000000c4300000)
 Metaspace       used 74536K, committed 75840K, reserved 1179648K
  class space    used 9143K, committed 9728K, reserved 1048576K
}
Event: 40.686 GC heap before
{Heap before GC invocations=71 (full 3):
 PSYoungGen      total 17920K, used 17568K [0x00000000eab00000, 0x00000000ebe00000, 0x0000000100000000)
  eden space 17408K, 100% used [0x00000000eab00000,0x00000000ebc00000,0x00000000ebc00000)
  from space 512K, 31% used [0x00000000ebd00000,0x00000000ebd28000,0x00000000ebd80000)
  to   space 512K, 0% used [0x00000000ebd80000,0x00000000ebd80000,0x00000000ebe00000)
 ParOldGen       total 68608K, used 44329K [0x00000000c0000000, 0x00000000c4300000, 0x00000000eab00000)
  object space 68608K, 64% used [0x00000000c0000000,0x00000000c2b4a4b8,0x00000000c4300000)
 Metaspace       used 74539K, committed 75840K, reserved 1179648K
  class space    used 9143K, committed 9728K, reserved 1048576K
}
Event: 40.686 GC heap after
{Heap after GC invocations=71 (full 3):
 PSYoungGen      total 17920K, used 288K [0x00000000eab00000, 0x00000000ebe00000, 0x0000000100000000)
  eden space 17408K, 0% used [0x00000000eab00000,0x00000000eab00000,0x00000000ebc00000)
  from space 512K, 56% used [0x00000000ebd80000,0x00000000ebdc8000,0x00000000ebe00000)
  to   space 512K, 0% used [0x00000000ebd00000,0x00000000ebd00000,0x00000000ebd80000)
 ParOldGen       total 68608K, used 44329K [0x00000000c0000000, 0x00000000c4300000, 0x00000000eab00000)
  object space 68608K, 64% used [0x00000000c0000000,0x00000000c2b4a4b8,0x00000000c4300000)
 Metaspace       used 74539K, committed 75840K, reserved 1179648K
  class space    used 9143K, committed 9728K, reserved 1048576K
}
Event: 40.812 GC heap before
{Heap before GC invocations=72 (full 3):
 PSYoungGen      total 17920K, used 17696K [0x00000000eab00000, 0x00000000ebe00000, 0x0000000100000000)
  eden space 17408K, 100% used [0x00000000eab00000,0x00000000ebc00000,0x00000000ebc00000)
  from space 512K, 56% used [0x00000000ebd80000,0x00000000ebdc8000,0x00000000ebe00000)
  to   space 512K, 0% used [0x00000000ebd00000,0x00000000ebd00000,0x00000000ebd80000)
 ParOldGen       total 68608K, used 44329K [0x00000000c0000000, 0x00000000c4300000, 0x00000000eab00000)
  object space 68608K, 64% used [0x00000000c0000000,0x00000000c2b4a4b8,0x00000000c4300000)
 Metaspace       used 74540K, committed 75840K, reserved 1179648K
  class space    used 9143K, committed 9728K, reserved 1048576K
}
Event: 40.812 GC heap after
{Heap after GC invocations=72 (full 3):
 PSYoungGen      total 17920K, used 224K [0x00000000eab00000, 0x00000000ebe00000, 0x0000000100000000)
  eden space 17408K, 0% used [0x00000000eab00000,0x00000000eab00000,0x00000000ebc00000)
  from space 512K, 43% used [0x00000000ebd00000,0x00000000ebd38000,0x00000000ebd80000)
  to   space 512K, 0% used [0x00000000ebd80000,0x00000000ebd80000,0x00000000ebe00000)
 ParOldGen       total 68608K, used 44361K [0x00000000c0000000, 0x00000000c4300000, 0x00000000eab00000)
  object space 68608K, 64% used [0x00000000c0000000,0x00000000c2b524b8,0x00000000c4300000)
 Metaspace       used 74540K, committed 75840K, reserved 1179648K
  class space    used 9143K, committed 9728K, reserved 1048576K
}
Event: 40.921 GC heap before
{Heap before GC invocations=73 (full 3):
 PSYoungGen      total 17920K, used 17632K [0x00000000eab00000, 0x00000000ebe00000, 0x0000000100000000)
  eden space 17408K, 100% used [0x00000000eab00000,0x00000000ebc00000,0x00000000ebc00000)
  from space 512K, 43% used [0x00000000ebd00000,0x00000000ebd38000,0x00000000ebd80000)
  to   space 512K, 0% used [0x00000000ebd80000,0x00000000ebd80000,0x00000000ebe00000)
 ParOldGen       total 68608K, used 44361K [0x00000000c0000000, 0x00000000c4300000, 0x00000000eab00000)
  object space 68608K, 64% used [0x00000000c0000000,0x00000000c2b524b8,0x00000000c4300000)
 Metaspace       used 74554K, committed 75840K, reserved 1179648K
  class space    used 9144K, committed 9728K, reserved 1048576K
}
Event: 40.922 GC heap after
{Heap after GC invocations=73 (full 3):
 PSYoungGen      total 17920K, used 224K [0x00000000eab00000, 0x00000000ebe00000, 0x0000000100000000)
  eden space 17408K, 0% used [0x00000000eab00000,0x00000000eab00000,0x00000000ebc00000)
  from space 512K, 43% used [0x00000000ebd80000,0x00000000ebdb8000,0x00000000ebe00000)
  to   space 512K, 0% used [0x00000000ebd00000,0x00000000ebd00000,0x00000000ebd80000)
 ParOldGen       total 68608K, used 44401K [0x00000000c0000000, 0x00000000c4300000, 0x00000000eab00000)
  object space 68608K, 64% used [0x00000000c0000000,0x00000000c2b5c4b8,0x00000000c4300000)
 Metaspace       used 74554K, committed 75840K, reserved 1179648K
  class space    used 9144K, committed 9728K, reserved 1048576K
}
Event: 41.064 GC heap before
{Heap before GC invocations=74 (full 3):
 PSYoungGen      total 17920K, used 17632K [0x00000000eab00000, 0x00000000ebe00000, 0x0000000100000000)
  eden space 17408K, 100% used [0x00000000eab00000,0x00000000ebc00000,0x00000000ebc00000)
  from space 512K, 43% used [0x00000000ebd80000,0x00000000ebdb8000,0x00000000ebe00000)
  to   space 512K, 0% used [0x00000000ebd00000,0x00000000ebd00000,0x00000000ebd80000)
 ParOldGen       total 68608K, used 44401K [0x00000000c0000000, 0x00000000c4300000, 0x00000000eab00000)
  object space 68608K, 64% used [0x00000000c0000000,0x00000000c2b5c4b8,0x00000000c4300000)
 Metaspace       used 74554K, committed 75840K, reserved 1179648K
  class space    used 9144K, committed 9728K, reserved 1048576K
}
Event: 41.065 GC heap after
{Heap after GC invocations=74 (full 3):
 PSYoungGen      total 17920K, used 192K [0x00000000eab00000, 0x00000000ebe00000, 0x0000000100000000)
  eden space 17408K, 0% used [0x00000000eab00000,0x00000000eab00000,0x00000000ebc00000)
  from space 512K, 37% used [0x00000000ebd00000,0x00000000ebd30000,0x00000000ebd80000)
  to   space 512K, 0% used [0x00000000ebd80000,0x00000000ebd80000,0x00000000ebe00000)
 ParOldGen       total 68608K, used 44465K [0x00000000c0000000, 0x00000000c4300000, 0x00000000eab00000)
  object space 68608K, 64% used [0x00000000c0000000,0x00000000c2b6c4b8,0x00000000c4300000)
 Metaspace       used 74554K, committed 75840K, reserved 1179648K
  class space    used 9144K, committed 9728K, reserved 1048576K
}
Event: 2195.854 GC heap before
{Heap before GC invocations=75 (full 3):
 PSYoungGen      total 17920K, used 17600K [0x00000000eab00000, 0x00000000ebe00000, 0x0000000100000000)
  eden space 17408K, 100% used [0x00000000eab00000,0x00000000ebc00000,0x00000000ebc00000)
  from space 512K, 37% used [0x00000000ebd00000,0x00000000ebd30000,0x00000000ebd80000)
  to   space 512K, 0% used [0x00000000ebd80000,0x00000000ebd80000,0x00000000ebe00000)
 ParOldGen       total 68608K, used 44465K [0x00000000c0000000, 0x00000000c4300000, 0x00000000eab00000)
  object space 68608K, 64% used [0x00000000c0000000,0x00000000c2b6c4b8,0x00000000c4300000)
 Metaspace       used 74971K, committed 76288K, reserved 1179648K
  class space    used 9204K, committed 9792K, reserved 1048576K
}
Event: 2195.855 GC heap after
{Heap after GC invocations=75 (full 3):
 PSYoungGen      total 17920K, used 288K [0x00000000eab00000, 0x00000000ebe00000, 0x0000000100000000)
  eden space 17408K, 0% used [0x00000000eab00000,0x00000000eab00000,0x00000000ebc00000)
  from space 512K, 56% used [0x00000000ebd80000,0x00000000ebdc8000,0x00000000ebe00000)
  to   space 512K, 0% used [0x00000000ebd00000,0x00000000ebd00000,0x00000000ebd80000)
 ParOldGen       total 68608K, used 44473K [0x00000000c0000000, 0x00000000c4300000, 0x00000000eab00000)
  object space 68608K, 64% used [0x00000000c0000000,0x00000000c2b6e4b8,0x00000000c4300000)
 Metaspace       used 74971K, committed 76288K, reserved 1179648K
  class space    used 9204K, committed 9792K, reserved 1048576K
}

